<?xml version="1.0" encoding="UTF-8"?>
<!-- Generated by org.testng.reporters.JUnitReportReporter -->
<testsuite hostname="NEWDESKTOP" failures="0" tests="1" name="coaching.New_Account_Excel" time="12.309" errors="0" timestamp="2022-08-02T16:04:13 IST" skipped="0">
  <testcase classname="coaching.New_Account_Excel" name="excelread" time="12.309"/>
  <system-out/>
</testsuite> <!-- coaching.New_Account_Excel -->
