<?xml version="1.0" encoding="UTF-8"?>
<!-- Generated by org.testng.reporters.JUnitReportReporter -->
<testsuite hostname="NEWDESKTOP" failures="0" tests="2" name="coaching.JxlData" time="7.466" errors="0" timestamp="2022-08-18T16:35:34 IST" skipped="0">
  <testcase classname="coaching.JxlData" name="login" time="4.449"/>
  <system-out/>
  <testcase classname="coaching.JxlData" name="login" time="3.017"/>
  <system-out/>
</testsuite> <!-- coaching.JxlData -->
