<?xml version="1.0" encoding="UTF-8"?>
<!-- Generated by org.testng.reporters.JUnitReportReporter -->
<testsuite hostname="NEWDESKTOP" failures="0" tests="2" name="coaching.DataProviderTest" time="9.244" errors="0" timestamp="2022-07-30T11:39:35 IST" skipped="0">
  <testcase classname="coaching.DataProviderTest" name="test" time="4.752"/>
  <system-out/>
  <testcase classname="coaching.DataProviderTest" name="test" time="4.492"/>
  <system-out/>
</testsuite> <!-- coaching.DataProviderTest -->
