<?xml version="1.0" encoding="UTF-8"?>
<!-- Generated by org.testng.reporters.JUnitReportReporter -->
<testsuite hostname="NEWDESKTOP" failures="0" tests="1" name="coaching.NewTest" time="3.188" errors="0" timestamp="2022-07-23T10:54:45 IST" skipped="0">
  <testcase classname="coaching.NewTest" name="f" time="3.188"/>
  <system-out/>
</testsuite> <!-- coaching.NewTest -->
