<?xml version="1.0" encoding="UTF-8"?>
<!-- Generated by org.testng.reporters.JUnitReportReporter -->
<testsuite hostname="NEWDESKTOP" failures="0" tests="1" name="coaching.Login" time="3.663" errors="0" timestamp="2022-07-19T12:45:18 IST" skipped="0">
  <testcase classname="coaching.Login" name="user_and_password_correct" time="3.663"/>
  <system-out/>
</testsuite> <!-- coaching.Login -->
