<?xml version="1.0" encoding="UTF-8"?>
<!-- Generated by org.testng.reporters.JUnitReportReporter -->
<testsuite hostname="NEWDESKTOP" failures="0" tests="4" name="coaching.Login_Page" time="16.301" errors="0" timestamp="2022-07-27T18:18:49 IST" skipped="0">
  <testcase classname="coaching.Login_Page" name="username_and_password_correct" time="5.550"/>
  <system-out/>
  <testcase classname="coaching.Login_Page" name="user_and_password_blank" time="3.991"/>
  <system-out/>
  <testcase classname="coaching.Login_Page" name="username_filled_and_password_blank" time="3.372"/>
  <system-out/>
  <testcase classname="coaching.Login_Page" name="Enter_invalid_username_and_password" time="3.388"/>
  <system-out/>
</testsuite> <!-- coaching.Login_Page -->
