<?xml version="1.0" encoding="UTF-8"?>
<!-- Generated by org.testng.reporters.JUnitReportReporter -->
<testsuite hostname="NEWDESKTOP" failures="0" tests="1" name="coaching.Create_New_Account" time="8.454" errors="0" timestamp="2022-07-30T10:15:37 IST" skipped="0">
  <testcase classname="coaching.Create_New_Account" name="Create_Account" time="8.454"/>
  <system-out/>
</testsuite> <!-- coaching.Create_New_Account -->
